<?xml version="1.0" encoding="UTF-8"?>
<testng-results skipped="0" failed="0" total="1" passed="1">
  <reporter-output>
  </reporter-output>
  <suite name="Suite" duration-ms="70" started-at="2018-07-07T10:57:12Z" finished-at="2018-07-07T10:57:12Z">
    <groups>
    </groups>
    <test name="Test" duration-ms="70" started-at="2018-07-07T10:57:12Z" finished-at="2018-07-07T10:57:12Z">
      <class name="Example.Test1">
        <test-method status="PASS" signature="f()[pri:0, instance:Example.Test1@7dc7cbad]" name="f" duration-ms="25" started-at="2018-07-07T16:27:12Z" finished-at="2018-07-07T16:27:12Z">
          <reporter-output>
          </reporter-output>
        </test-method> <!-- f -->
      </class> <!-- Example.Test1 -->
    </test> <!-- Test -->
  </suite> <!-- Suite -->
</testng-results>
